#
# A fatal error has been detected by the Java Runtime Environment:
#
#  SIGSEGV (0xb) at pc=0x00007f8d4f4d70a7, pid=20577, tid=140244722624256
#
# JRE version: 6.0_31-b04
# Java VM: Java HotSpot(TM) 64-Bit Server VM (20.6-b01 mixed mode linux-amd64 compressed oops)
# Problematic frame:
# V  [libjvm.so+0x4e10a7]  java_lang_String::utf8_length(oopDesc*)+0x67
#
# If you would like to submit a bug report, please visit:
#   http://java.sun.com/webapps/bugreport/crash.jsp
#

---------------  T H R E A D  ---------------

Current thread (0x00007f8d4809d000):  JavaThread "JDWP Transport Listener: dt_socket" daemon [_thread_in_vm, id=20590, stack(0x00007f8d44cfa000,0x00007f8d44dfb000)]

siginfo:si_signo=SIGSEGV: si_errno=0, si_code=1 (SEGV_MAPERR), si_addr=0x0000000000000008

Registers:
RAX=0x000000000000000c, RBX=0x00007f8d4809d000, RCX=0x0000000000000014, RDX=0x0000000000000000
RSP=0x00007f8d44df9a60, RBP=0x00007f8d44df9a60, RSI=0x0000000000000000, RDI=0x00000007d70f3690
R8 =0x0000000000000000, R9 =0x00007f8d4fa7b530, R10=0x0000000000000010, R11=0x00007f8d4fa97f00
R12=0x00007f8d4853b0c8, R13=0x00000007d70f3690, R14=0x00007f8d4e5920f0, R15=0x0000000000000000
RIP=0x00007f8d4f4d70a7, EFLAGS=0x0000000000010202, CSGSFS=0x0000000000000033, ERR=0x0000000000000004
  TRAPNO=0x000000000000000e

Top of Stack: (sp=0x00007f8d44df9a60)
0x00007f8d44df9a60:   00007f8d44df9af0 00007f8d4f50591a
0x00007f8d44df9a70:   00007f8d4809d000 00007f8d44df9a80
0x00007f8d44df9a80:   00007f8d4809d000 0000000000000000
0x00007f8d44df9a90:   00007f8d4809d000 0000000000000001
0x00007f8d44df9aa0:   00007f8d4809d000 0000000000000001
0x00007f8d44df9ab0:   00007f8d4809d000 00007f8d4e485adf
0x00007f8d44df9ac0:   00007f8d4853b0c8 00007f8d44df9ce0
0x00007f8d44df9ad0:   00007f8d44df9b50 00007f8d4853b0c8
0x00007f8d44df9ae0:   00007f8d4e5920f0 0000000000000007
0x00007f8d44df9af0:   00007f8d4809d1d0 00007f8d4e46594d
0x00007f8d44df9b00:   00007f8d44df9b50 00007f8d44df9d10
0x00007f8d44df9b10:   00007f8d44df9ce0 00007f8d4e5920f0
0x00007f8d44df9b20:   0000000000000001 00007f8d4e46d8fb
0x00007f8d44df9b30:   00029b2100000013 00007f8d1c010a00
0x00007f8d44df9b40:   00007f8d1c000c40 00007f8d44df9b50
0x00007f8d44df9b50:   00007f8d44df9ba0 00007f8d0000012c
0x00007f8d44df9b60:   00007f8d44df9b68 00007f8d00000000
0x00007f8d44df9b70:   00007f8d44df9ba0 0000000000000000
0x00007f8d44df9b80:   00007f0000000000 00029b21000000b4
0x00007f8d44df9b90:   00007f8d00004d80 00007f8d44df9ba0
0x00007f8d44df9ba0:   0000000005000000 0000000100000d00
0x00007f8d44df9bb0:   7f00006004000000 000000784e00248d
0x00007f8d44df9bc0:   0000002100000000 00000101000d0000
0x00007f8d44df9bd0:   0000600400000000 0000a86906488d7f
0x00007f8d44df9be0:   0000060000000000 000102000d000000
0x00007f8d44df9bf0:   00f5030000000000 00c87f00248d7f00
0x00007f8d44df9c00:   0020000000000000 0103000d00000000
0x00007f8d44df9c10:   d803000000000000 d07f00248d7f0000
0x00007f8d44df9c20:   8b00000000000000 04000d0000000000
0x00007f8d44df9c30:   0300000000000001 7f00248d7f0000d8
0x00007f8d44df9c40:   00000000000000d8 0000c03203248d3e
0x00007f8d44df9c50:   6c61697265731600 6574736973726550 

Instructions: (pc=0x00007f8d4f4d70a7)
0x00007f8d4f4d7087:   8b 35 0b b6 6e 00 41 80 39 00 4c 63 12 48 63 0e
0x00007f8d4f4d7097:   41 8b 14 3a 8b 34 39 74 64 4c 8b 1d 39 86 6e 00
0x00007f8d4f4d70a7:   41 8b 78 08 41 8b 4b 08 48 d3 e7 49 03 3b 44 0f
0x00007f8d4f4d70b7:   b6 57 19 89 f0 41 83 fa 05 74 02 c9 c3 85 f6 74 

Register to memory mapping:

RAX=0x000000000000000c is an unknown value
RBX=0x00007f8d4809d000 is a thread
RCX=0x0000000000000014 is an unknown value
RDX=0x0000000000000000 is an unknown value
RSP=0x00007f8d44df9a60 is pointing into the stack for thread: 0x00007f8d4809d000
RBP=0x00007f8d44df9a60 is pointing into the stack for thread: 0x00007f8d4809d000
RSI=0x0000000000000000 is an unknown value
RDI=0x00000007d70f3690 is an oop
java.lang.String 
 - klass: 'java/lang/String'
R8 =0x0000000000000000 is an unknown value
R9 =0x00007f8d4fa7b530: <offset 0xa85530> in /usr/lib/jvm/j2sdk1.6-oracle/jre/lib/amd64/server/libjvm.so at 0x00007f8d4eff6000
R10=0x0000000000000010 is an unknown value
R11=0x00007f8d4fa97f00: <offset 0xaa1f00> in /usr/lib/jvm/j2sdk1.6-oracle/jre/lib/amd64/server/libjvm.so at 0x00007f8d4eff6000
R12=0x00007f8d4853b0c8 is a global jni handle
R13=0x00000007d70f3690 is an oop
java.lang.String 
 - klass: 'java/lang/String'
R14=0x00007f8d4e5920f0: <offset 0x1360f0> in /usr/lib/jvm/j2sdk1.6-oracle/jre/lib/amd64/libjdwp.so at 0x00007f8d4e45c000
R15=0x0000000000000000 is an unknown value


Stack: [0x00007f8d44cfa000,0x00007f8d44dfb000],  sp=0x00007f8d44df9a60,  free space=1022k
Native frames: (J=compiled Java code, j=interpreted, Vv=VM code, C=native code)
V  [libjvm.so+0x4e10a7]  java_lang_String::utf8_length(oopDesc*)+0x67
V  [libjvm.so+0x50f91a]  unsigned+0xda


---------------  P R O C E S S  ---------------

Java Threads: ( => current thread )
  0x00007f8d48059000 JavaThread "IPC Client (92700153) connection to ubuntu.ubuntu-domain/127.0.0.1:60020 from akawa" daemon [_thread_blocked, id=20617, stack(0x00007f8d07cfd000,0x00007f8d07dfe000)]
  0x00007f8d486e1000 JavaThread "main-EventThread" daemon [_thread_blocked, id=20601, stack(0x00007f8d07dfe000,0x00007f8d07eff000)]
  0x00007f8d4868e000 JavaThread "main-SendThread(ubuntu.ubuntu-domain:2181)" daemon [_thread_in_native, id=20600, stack(0x00007f8d07eff000,0x00007f8d08000000)]
  0x00007f8d480a8000 JavaThread "Low Memory Detector" daemon [_thread_blocked, id=20598, stack(0x00007f8d447f5000,0x00007f8d448f6000)]
  0x00007f8d480a5800 JavaThread "C2 CompilerThread1" daemon [_thread_blocked, id=20597, stack(0x00007f8d448f6000,0x00007f8d449f7000)]
  0x00007f8d480a2800 JavaThread "C2 CompilerThread0" daemon [_thread_blocked, id=20596, stack(0x00007f8d449f7000,0x00007f8d44af8000)]
  0x00007f8d24001000 JavaThread "JDWP Command Reader" daemon [_thread_in_native, id=20593, stack(0x00007f8d44af8000,0x00007f8d44bf9000)]
  0x00007f8d480a0800 JavaThread "JDWP Event Helper Thread" daemon [_thread_blocked, id=20592, stack(0x00007f8d44bf9000,0x00007f8d44cfa000)]
=>0x00007f8d4809d000 JavaThread "JDWP Transport Listener: dt_socket" daemon [_thread_in_vm, id=20590, stack(0x00007f8d44cfa000,0x00007f8d44dfb000)]
  0x00007f8d4808f000 JavaThread "Signal Dispatcher" daemon [_thread_blocked, id=20589, stack(0x00007f8d44eff000,0x00007f8d45000000)]
  0x00007f8d48073800 JavaThread "Finalizer" daemon [_thread_blocked, id=20588, stack(0x00007f8d4c07c000,0x00007f8d4c17d000)]
  0x00007f8d48071800 JavaThread "Reference Handler" daemon [_thread_blocked, id=20587, stack(0x00007f8d4c17d000,0x00007f8d4c27e000)]
  0x00007f8d4800d000 JavaThread "main" [_thread_blocked, id=20579, stack(0x00007f8d4ebfb000,0x00007f8d4ecfc000)]

Other Threads:
  0x00007f8d4806b000 VMThread [stack: 0x00007f8d4c27e000,0x00007f8d4c37f000] [id=20586]
  0x00007f8d480aa800 WatcherThread [stack: 0x00007f8d446f4000,0x00007f8d447f5000] [id=20599]

VM state:not at safepoint (normal execution)

VM Mutex/Monitor currently owned by a thread: None

Heap
 PSYoungGen      total 36800K, used 4591K [0x00000007d6e00000, 0x00000007d9710000, 0x0000000800000000)
  eden space 31552K, 10% used [0x00000007d6e00000,0x00000007d7127ca0,0x00000007d8cd0000)
  from space 5248K, 25% used [0x00000007d8cd0000,0x00000007d8e24020,0x00000007d91f0000)
  to   space 5248K, 0% used [0x00000007d91f0000,0x00000007d91f0000,0x00000007d9710000)
 PSOldGen        total 84224K, used 0K [0x0000000784a00000, 0x0000000789c40000, 0x00000007d6e00000)
  object space 84224K, 0% used [0x0000000784a00000,0x0000000784a00000,0x0000000789c40000)
 PSPermGen       total 21248K, used 12244K [0x000000077f800000, 0x0000000780cc0000, 0x0000000784a00000)
  object space 21248K, 57% used [0x000000077f800000,0x00000007803f50e0,0x0000000780cc0000)

Code Cache  [0x00007f8d45000000, 0x00007f8d45270000, 0x00007f8d48000000)
 total_blobs=399 nmethods=139 adapters=222 free_code_cache=49347328 largest_free_block=44480

Dynamic libraries:
40000000-40009000 r-xp 00000000 07:00 1716019                            /usr/lib/jvm/j2sdk1.6-oracle/bin/java
40108000-4010a000 rwxp 00008000 07:00 1716019                            /usr/lib/jvm/j2sdk1.6-oracle/bin/java
4114e000-4116f000 rwxp 00000000 00:00 0                                  [heap]
77f800000-780cc0000 rwxp 00000000 00:00 0 
780cc0000-784a00000 rwxp 00000000 00:00 0 
784a00000-789c40000 rwxp 00000000 00:00 0 
789c40000-7d6e00000 rwxp 00000000 00:00 0 
7d6e00000-7d9710000 rwxp 00000000 00:00 0 
7d9710000-800000000 rwxp 00000000 00:00 0 
7f8cf8000000-7f8cf8021000 rwxp 00000000 00:00 0 
7f8cf8021000-7f8cfc000000 ---p 00000000 00:00 0 
7f8cfc000000-7f8cfc021000 rwxp 00000000 00:00 0 
7f8cfc021000-7f8d00000000 ---p 00000000 00:00 0 
7f8d00000000-7f8d00027000 rwxp 00000000 00:00 0 
7f8d00027000-7f8d04000000 ---p 00000000 00:00 0 
7f8d07cfd000-7f8d07d00000 ---p 00000000 00:00 0 
7f8d07d00000-7f8d07dfe000 rwxp 00000000 00:00 0 
7f8d07dfe000-7f8d07e01000 ---p 00000000 00:00 0 
7f8d07e01000-7f8d07eff000 rwxp 00000000 00:00 0 
7f8d07eff000-7f8d07f02000 ---p 00000000 00:00 0 
7f8d07f02000-7f8d08000000 rwxp 00000000 00:00 0 
7f8d08000000-7f8d08021000 rwxp 00000000 00:00 0 
7f8d08021000-7f8d0c000000 ---p 00000000 00:00 0 
7f8d0c000000-7f8d0c021000 rwxp 00000000 00:00 0 
7f8d0c021000-7f8d10000000 ---p 00000000 00:00 0 
7f8d10000000-7f8d10b4b000 rwxp 00000000 00:00 0 
7f8d10b4b000-7f8d14000000 ---p 00000000 00:00 0 
7f8d14000000-7f8d153a6000 rwxp 00000000 00:00 0 
7f8d153a6000-7f8d18000000 ---p 00000000 00:00 0 
7f8d18000000-7f8d18027000 rwxp 00000000 00:00 0 
7f8d18027000-7f8d1c000000 ---p 00000000 00:00 0 
7f8d1c000000-7f8d1c021000 rwxp 00000000 00:00 0 
7f8d1c021000-7f8d20000000 ---p 00000000 00:00 0 
7f8d20000000-7f8d20021000 rwxp 00000000 00:00 0 
7f8d20021000-7f8d24000000 ---p 00000000 00:00 0 
7f8d24000000-7f8d24240000 rwxp 00000000 00:00 0 
7f8d24240000-7f8d28000000 ---p 00000000 00:00 0 
7f8d28000000-7f8d28021000 rwxp 00000000 00:00 0 
7f8d28021000-7f8d2c000000 ---p 00000000 00:00 0 
7f8d2c000000-7f8d2c021000 rwxp 00000000 00:00 0 
7f8d2c021000-7f8d30000000 ---p 00000000 00:00 0 
7f8d30000000-7f8d30021000 rwxp 00000000 00:00 0 
7f8d30021000-7f8d34000000 ---p 00000000 00:00 0 
7f8d34000000-7f8d34021000 rwxp 00000000 00:00 0 
7f8d34021000-7f8d38000000 ---p 00000000 00:00 0 
7f8d38000000-7f8d38021000 rwxp 00000000 00:00 0 
7f8d38021000-7f8d3c000000 ---p 00000000 00:00 0 
7f8d3c000000-7f8d3c021000 rwxp 00000000 00:00 0 
7f8d3c021000-7f8d40000000 ---p 00000000 00:00 0 
7f8d40000000-7f8d40021000 rwxp 00000000 00:00 0 
7f8d40021000-7f8d44000000 ---p 00000000 00:00 0 
7f8d44025000-7f8d4402b000 r-xs 00095000 07:00 1715901                    /usr/lib/jvm/j2sdk1.6-oracle/jre/lib/jsse.jar
7f8d4402b000-7f8d4402f000 r-xs 00035000 07:00 1715960                    /usr/lib/jvm/j2sdk1.6-oracle/jre/lib/ext/sunpkcs11.jar
7f8d4402f000-7f8d44036000 r-xp 00000000 07:00 140966                     /usr/lib/jvm/j2sdk1.6-oracle/jre/lib/amd64/libnio.so
7f8d44036000-7f8d44135000 ---p 00007000 07:00 140966                     /usr/lib/jvm/j2sdk1.6-oracle/jre/lib/amd64/libnio.so
7f8d44135000-7f8d44137000 rwxp 00006000 07:00 140966                     /usr/lib/jvm/j2sdk1.6-oracle/jre/lib/amd64/libnio.so
7f8d44137000-7f8d4414a000 r-xp 00000000 07:00 140967                     /usr/lib/jvm/j2sdk1.6-oracle/jre/lib/amd64/libnet.so
7f8d4414a000-7f8d4424b000 ---p 00013000 07:00 140967                     /usr/lib/jvm/j2sdk1.6-oracle/jre/lib/amd64/libnet.so
7f8d4424b000-7f8d4424e000 rwxp 00014000 07:00 140967                     /usr/lib/jvm/j2sdk1.6-oracle/jre/lib/amd64/libnet.so
7f8d4424e000-7f8d4424f000 r-xp 00000000 07:00 140964                     /usr/lib/jvm/j2sdk1.6-oracle/jre/lib/amd64/libjaas_unix.so
7f8d4424f000-7f8d4434e000 ---p 00001000 07:00 140964                     /usr/lib/jvm/j2sdk1.6-oracle/jre/lib/amd64/libjaas_unix.so
7f8d4434e000-7f8d44350000 rwxp 00000000 07:00 140964                     /usr/lib/jvm/j2sdk1.6-oracle/jre/lib/amd64/libjaas_unix.so
7f8d44350000-7f8d44356000 r-xp 00000000 07:00 140921                     /usr/lib/jvm/j2sdk1.6-oracle/jre/lib/amd64/libmanagement.so
7f8d44356000-7f8d44455000 ---p 00006000 07:00 140921                     /usr/lib/jvm/j2sdk1.6-oracle/jre/lib/amd64/libmanagement.so
7f8d44455000-7f8d44457000 rwxp 00005000 07:00 140921                     /usr/lib/jvm/j2sdk1.6-oracle/jre/lib/amd64/libmanagement.so
7f8d44457000-7f8d44458000 r-xp 00000000 07:00 18514                      /usr/share/locale-langpack/en_GB/LC_MESSAGES/libc.mo
7f8d44458000-7f8d4445a000 r-xs 00005000 07:00 1443315                    /home/akawa/.m2/repository/stax/stax-api/1.0.1/stax-api-1.0.1.jar
7f8d4445a000-7f8d4445c000 r-xs 0000e000 07:00 1443341                    /home/akawa/.m2/repository/javax/activation/activation/1.1/activation-1.1.jar
7f8d4445c000-7f8d4445f000 r-xs 00013000 07:00 1443355                    /home/akawa/.m2/repository/javax/xml/bind/jaxb-api/2.1/jaxb-api-2.1.jar
7f8d4445f000-7f8d44461000 r-xs 00004000 07:00 1443217                    /home/akawa/.m2/repository/org/jamon/jamon-runtime/2.3.1/jamon-runtime-2.3.1.jar
7f8d44461000-7f8d44463000 r-xs 00005000 07:00 1443408                    /home/akawa/.m2/repository/org/codehaus/jackson/jackson-xc/1.5.5/jackson-xc-1.5.5.jar
7f8d44463000-7f8d44465000 r-xs 00003000 07:00 1443397                    /home/akawa/.m2/repository/org/codehaus/jackson/jackson-jaxrs/1.5.5/jackson-jaxrs-1.5.5.jar
7f8d44465000-7f8d44468000 r-xs 0001e000 07:00 1443416                    /home/akawa/.m2/repository/org/mortbay/jetty/servlet-api-2.5/6.1.14/servlet-api-2.5-6.1.14.jar
7f8d44468000-7f8d4446b000 r-xs 0001e000 07:00 1443411                    /home/akawa/.m2/repository/org/mortbay/jetty/jsp-api-2.1/6.1.14/jsp-api-2.1-6.1.14.jar
7f8d4446b000-7f8d4447c000 r-xs 000ea000 07:00 1443400                    /home/akawa/.m2/repository/org/mortbay/jetty/jsp-2.1/6.1.14/jsp-2.1-6.1.14.jar
7f8d4447c000-7f8d44562000 r-xs 00bcd000 07:00 1443228                    /home/akawa/.m2/repository/org/jruby/jruby-complete/1.6.5/jruby-complete-1.6.5.jar
7f8d44562000-7f8d44567000 r-xs 00026000 07:00 1443371                    /home/akawa/.m2/repository/org/apache/httpcomponents/httpcore/4.0.1/httpcore-4.0.1.jar
7f8d44567000-7f8d4456f000 r-xs 00040000 07:00 1443205                    /home/akawa/.m2/repository/org/apache/httpcomponents/httpclient/4.0.1/httpclient-4.0.1.jar
7f8d4456f000-7f8d44575000 r-xs 00044000 07:00 1443288                    /home/akawa/.m2/repository/org/apache/thrift/libthrift/0.7.0/libthrift-0.7.0.jar
7f8d44575000-7f8d4457d000 r-xs 00066000 07:00 1443248                    /home/akawa/.m2/repository/org/apache/velocity/velocity/1.7/velocity-1.7.jar
7f8d4457d000-7f8d4458c000 r-xs 000b2000 07:00 1443282                    /home/akawa/.m2/repository/org/jboss/netty/netty/3.2.4.Final/netty-3.2.4.Final.jar
7f8d4458c000-7f8d44590000 r-xs 00026000 07:00 1443376                    /home/akawa/.m2/repository/org/apache/avro/avro-ipc/1.5.4/avro-ipc-1.5.4.jar
7f8d44590000-7f8d44593000 r-xs 00015000 07:00 1443291                    /home/akawa/.m2/repository/com/github/stephenc/high-scale-lib/high-scale-lib/1.1.1/high-scale-lib-1.1.1.jar
7f8d44593000-7f8d445bc000 r-xs 002f8000 07:00 1443292                    /home/akawa/.m2/repository/org/apache/hbase/hbase/0.92.1-cdh4.0.1/hbase-0.92.1-cdh4.0.1.jar
7f8d445bc000-7f8d445be000 r-xs 00014000 07:00 1443203                    /home/akawa/.m2/repository/jline/jline/0.9.94/jline-0.9.94.jar
7f8d445be000-7f8d445cf000 r-xs 0012c000 07:00 1443359                    /home/akawa/.m2/repository/org/apache/zookeeper/zookeeper/3.4.3-cdh4.0.1/zookeeper-3.4.3-cdh4.0.1.jar
7f8d445cf000-7f8d445d2000 r-xs 0002b000 07:00 1443338                    /home/akawa/.m2/repository/com/jcraft/jsch/0.1.42/jsch-0.1.42.jar
7f8d445d2000-7f8d445d3000 r-xs 00003000 07:00 1443276                    /home/akawa/.m2/repository/com/googlecode/json-simple/json-simple/1.1/json-simple-1.1.jar
7f8d445d3000-7f8d445d5000 r-xs 00009000 07:00 1443497                    /home/akawa/.m2/repository/org/apache/hadoop/hadoop-auth/2.0.0-cdh4.0.1/hadoop-auth-2.0.0-cdh4.0.1.jar
7f8d445d5000-7f8d445d6000 r-xs 00002000 07:00 1443309                    /home/akawa/.m2/repository/net/sf/kosmosfs/kfs/0.3/kfs-0.3.jar
7f8d445d6000-7f8d445d8000 r-xs 000f2000 07:00 1443227                    /home/akawa/.m2/repository/org/xerial/snappy/snappy-java/1.0.3.2/snappy-java-1.0.3.2.jar
7f8d445d8000-7f8d445da000 r-xs 00006000 07:00 1443195                    /home/akawa/.m2/repository/com/thoughtworks/paranamer/paranamer/2.3/paranamer-2.3.jar
7f8d445da000-7f8d445e0000 r-xs 0003b000 07:00 1443245                    /home/akawa/.m2/repository/org/apache/avro/avro/1.5.4/avro-1.5.4.jar
7f8d445e0000-7f8d445e5000 r-xs 00018000 07:00 1443275                    /home/akawa/.m2/repository/org/aspectj/aspectjrt/1.6.5/aspectjrt-1.6.5.jar
7f8d445e5000-7f8d445e6000 r-xs 00002000 07:00 1443386                    /home/akawa/.m2/repository/org/slf4j/slf4j-log4j12/1.6.1/slf4j-log4j12-1.6.1.jar
7f8d445e6000-7f8d445ea000 r-xs 0002f000 07:00 1443380                    /home/akawa/.m2/repository/commons-beanutils/commons-beanutils-core/1.8.0/commons-beanutils-core-1.8.0.jar
7f8d445ea000-7f8d445ef000 r-xs 0002a000 07:00 1443261                    /home/akawa/.m2/repository/commons-beanutils/commons-beanutils/1.7.0/commons-beanutils-1.7.0.jar
7f8d445ef000-7f8d445f3000 r-xs 00020000 07:00 1443189                    /home/akawa/.m2/repository/commons-digester/commons-digester/1.8/commons-digester-1.8.jar
7f8d445f3000-7f8d445f9000 r-xs 00043000 07:00 1443352                    /home/akawa/.m2/repository/commons-configuration/commons-configuration/1.6/commons-configuration-1.6.jar
7f8d445f9000-7f8d44600000 r-xs 00059000 07:00 1443358                    /home/akawa/.m2/repository/log4j/log4j/1.2.15/log4j-1.2.15.jar
7f8d44600000-7f8d44601000 r-xs 0000a000 07:00 1443368                    /home/akawa/.m2/repository/commons-logging/commons-logging-api/1.1/commons-logging-api-1.1.jar
7f8d44601000-7f8d44603000 r-xs 0000d000 07:00 1443215                    /home/akawa/.m2/repository/commons-logging/commons-logging/1.1.1/commons-logging-1.1.1.jar
7f8d44603000-7f8d44614000 r-xs 00099000 07:00 1443401                    /home/akawa/.m2/repository/com/sun/jersey/jersey-server/1.8/jersey-server-1.8.jar
7f8d44614000-7f8d44627000 r-xs 000c7000 07:00 1443216                    /home/akawa/.m2/repository/com/sun/xml/bind/jaxb-impl/2.2.3-1/jaxb-impl-2.2.3-1.jar
7f8d44627000-7f8d44629000 r-xs 0000f000 07:00 1443190                    /home/akawa/.m2/repository/org/codehaus/jettison/jettison/1.1/jettison-1.1.jar
7f8d44629000-7f8d4462d000 r-xs 00021000 07:00 1443389                    /home/akawa/.m2/repository/com/sun/jersey/jersey-json/1.8/jersey-json-1.8.jar
7f8d4462d000-7f8d44637000 r-xs 00066000 07:00 1443349                    /home/akawa/.m2/repository/com/sun/jersey/jersey-core/1.8/jersey-core-1.8.jar
7f8d44637000-7f8d44638000 r-xs 0000a000 07:00 1443264                    /home/akawa/.m2/repository/asm/asm/3.2/asm-3.2.jar
7f8d44638000-7f8d44649000 r-xs 000bb000 07:00 1443287                    /home/akawa/.m2/repository/org/apache/commons/commons-math/2.1/commons-math-2.1.jar
7f8d44649000-7f8d4464c000 r-xs 00006000 07:00 1443258                    /home/akawa/.m2/repository/com/google/code/findbugs/jsr305/1.3.9/jsr305-1.3.9.jar
7f8d4464c000-7f8d4466d000 r-xs 00172000 07:00 1443318                    /home/akawa/.m2/repository/com/google/guava/guava/11.0.2/guava-11.0.2.jar
7f8d4466d000-7f8d4468f000 r-xs 001f3000 07:00 1443458                    /home/akawa/.m2/repository/org/apache/hadoop/hadoop-common/2.0.0-cdh4.0.1/hadoop-common-2.0.0-cdh4.0.1.jar
7f8d4468f000-7f8d446b2000 r-xs 00344000 07:00 1443335                    /home/akawa/.m2/repository/org/eclipse/jdt/core/3.1.1/core-3.1.1.jar
7f8d446b2000-7f8d446b4000 r-xs 0000e000 07:00 1443279                    /home/akawa/.m2/repository/oro/oro/2.0.8/oro-2.0.8.jar
7f8d446b4000-7f8d446bd000 r-xs 000a4000 07:00 1443252                    /home/akawa/.m2/repository/hsqldb/hsqldb/1.8.0.10/hsqldb-1.8.0.10.jar
7f8d446bd000-7f8d446bf000 r-xs 00018000 07:00 1443200                    /home/akawa/.m2/repository/javax/servlet/servlet-api/2.5/servlet-api-2.5.jar
7f8d446bf000-7f8d446c4000 r-xs 0004a000 07:00 1443298                    /home/akawa/.m2/repository/net/java/dev/jets3t/jets3t/0.6.1/jets3t-0.6.1.jar
7f8d446c4000-7f8d446c7000 r-xs 00019000 07:00 1443344                    /home/akawa/.m2/repository/commons-el/commons-el/1.0/commons-el-1.0.jar
7f8d446c7000-7f8d446ca000 r-xs 00016000 07:00 1443234                    /home/akawa/.m2/repository/javax/servlet/jsp/jsp-api/2.1/jsp-api-2.1.jar
7f8d446ca000-7f8d446d4000 r-xs 0006d000 07:00 1443377                    /home/akawa/.m2/repository/org/codehaus/jackson/jackson-mapper-asl/1.5.2/jackson-mapper-asl-1.5.2.jar
7f8d446d4000-7f8d446d7000 r-xs 00027000 07:00 1443257                    /home/akawa/.m2/repository/org/codehaus/jackson/jackson-core-asl/1.5.2/jackson-core-asl-1.5.2.jar
7f8d446d7000-7f8d446dc000 r-xs 0005f000 07:00 1443365                    /home/akawa/.m2/repository/tomcat/jasper-compiler/5.5.23/jasper-compiler-5.5.23.jar
7f8d446dc000-7f8d446de000 r-xs 00011000 07:00 1443204                    /home/akawa/.m2/repository/tomcat/jasper-runtime/5.5.23/jasper-runtime-5.5.23.jar
7f8d446de000-7f8d446e2000 r-xs 00028000 07:00 1443385                    /home/akawa/.m2/repository/org/mortbay/jetty/jetty-util/6.1.26/jetty-util-6.1.26.jar
7f8d446e2000-7f8d446e9000 r-xs 0007d000 07:00 1443269                    /home/akawa/.m2/repository/org/mortbay/jetty/jetty/6.1.26/jetty-6.1.26.jar
7f8d446e9000-7f8d446ee000 r-xs 0003e000 07:00 1443301                    /home/akawa/.m2/repository/commons-net/commons-net/3.1/commons-net-3.1.jar
7f8d446ee000-7f8d446f4000 r-xs 00045000 07:00 1443187                    /home/akawa/.m2/repository/commons-httpclient/commons-httpclient/3.1/commons-httpclient-3.1.jar
7f8d446f4000-7f8d446f5000 ---p 00000000 00:00 0 
7f8d446f5000-7f8d447f5000 rwxp 00000000 00:00 0 
7f8d447f5000-7f8d447f8000 ---p 00000000 00:00 0 
7f8d447f8000-7f8d448f6000 rwxp 00000000 00:00 0 
7f8d448f6000-7f8d448f9000 ---p 00000000 00:00 0 
7f8d448f9000-7f8d449f7000 rwxp 00000000 00:00 0 
7f8d449f7000-7f8d449fa000 ---p 00000000 00:00 0 
7f8d449fa000-7f8d44af8000 rwxp 00000000 00:00 0 
7f8d44af8000-7f8d44afb000 ---p 00000000 00:00 0 
7f8d44afb000-7f8d44bf9000 rwxp 00000000 00:00 0 
7f8d44bf9000-7f8d44bfc000 ---p 00000000 00:00 0 
7f8d44bfc000-7f8d44cfa000 rwxp 00000000 00:00 0 
7f8d44cfa000-7f8d44cfd000 ---p 00000000 00:00 0 
7f8d44cfd000-7f8d44dfb000 rwxp 00000000 00:00 0 
7f8d44dfb000-7f8d44dfe000 r-xp 00000000 07:00 140932                     /usr/lib/jvm/j2sdk1.6-oracle/jre/lib/amd64/libdt_socket.so
7f8d44dfe000-7f8d44efd000 ---p 00003000 07:00 140932                     /usr/lib/jvm/j2sdk1.6-oracle/jre/lib/amd64/libdt_socket.so
7f8d44efd000-7f8d44eff000 rwxp 00002000 07:00 140932                     /usr/lib/jvm/j2sdk1.6-oracle/jre/lib/amd64/libdt_socket.so
7f8d44eff000-7f8d44f02000 ---p 00000000 00:00 0 
7f8d44f02000-7f8d45270000 rwxp 00000000 00:00 0 
7f8d45270000-7f8d48737000 rwxp 00000000 00:00 0 
7f8d48737000-7f8d4c000000 ---p 00000000 00:00 0 
7f8d4c001000-7f8d4c002000 r-xs 00003000 07:00 1443231                    /home/akawa/.m2/repository/xmlenc/xmlenc/0.52/xmlenc-0.52.jar
7f8d4c002000-7f8d4c004000 r-xs 00009000 07:00 1443240                    /home/akawa/.m2/repository/commons-cli/commons-cli/1.2/commons-cli-1.2.jar
7f8d4c004000-7f8d4c01a000 r-xs 0017c000 07:00 1443402                    /home/akawa/.m2/repository/org/apache/hadoop/hadoop-core/2.0.0-mr1-cdh4.0.1/hadoop-core-2.0.0-mr1-cdh4.0.1.jar
7f8d4c01a000-7f8d4c01c000 r-xs 00010000 07:00 1443249                    /home/akawa/.m2/repository/commons-codec/commons-codec/1.5/commons-codec-1.5.jar
7f8d4c01c000-7f8d4c02a000 r-xs 0007f000 07:00 1443226                    /home/akawa/.m2/repository/commons-collections/commons-collections/3.2.1/commons-collections-3.2.1.jar
7f8d4c02a000-7f8d4c02d000 r-xs 00024000 07:00 1443332                    /home/akawa/.m2/repository/commons-io/commons-io/2.0.1/commons-io-2.0.1.jar
7f8d4c02d000-7f8d4c036000 r-xs 00055000 07:00 1443362                    /home/akawa/.m2/repository/org/springframework/spring-core/3.0.5.RELEASE/spring-core-3.0.5.RELEASE.jar
7f8d4c036000-7f8d4c037000 r-xs 0000c000 07:00 1443392                    /home/akawa/.m2/repository/org/springframework/spring-asm/3.0.5.RELEASE/spring-asm-3.0.5.RELEASE.jar
7f8d4c037000-7f8d4c03b000 r-xs 00026000 07:00 1443422                    /home/akawa/.m2/repository/org/springframework/spring-expression/3.0.5.RELEASE/spring-expression-3.0.5.RELEASE.jar
7f8d4c03b000-7f8d4c03d000 r-xs 00000000 07:00 1443239                    /home/akawa/.m2/repository/aopalliance/aopalliance/1.0/aopalliance-1.0.jar
7f8d4c03d000-7f8d4c046000 r-xs 00046000 07:00 1443417                    /home/akawa/.m2/repository/org/springframework/spring-aop/3.0.5.RELEASE/spring-aop-3.0.5.RELEASE.jar
7f8d4c046000-7f8d4c058000 r-xs 00092000 07:00 1443407                    /home/akawa/.m2/repository/org/springframework/spring-context/3.0.5.RELEASE/spring-context-3.0.5.RELEASE.jar
7f8d4c058000-7f8d4c064000 r-xs 0007c000 07:00 1443188                    /home/akawa/.m2/repository/org/springframework/spring-beans/3.0.5.RELEASE/spring-beans-3.0.5.RELEASE.jar
7f8d4c064000-7f8d4c07c000 r-xs 00115000 07:00 1443314                    /home/akawa/.m2/repository/xerces/xercesImpl/2.9.1/xercesImpl-2.9.1.jar
7f8d4c07c000-7f8d4c07f000 ---p 00000000 00:00 0 
7f8d4c07f000-7f8d4c17d000 rwxp 00000000 00:00 0 
7f8d4c17d000-7f8d4c180000 ---p 00000000 00:00 0 
7f8d4c180000-7f8d4c27e000 rwxp 00000000 00:00 0 
7f8d4c27e000-7f8d4c27f000 ---p 00000000 00:00 0 
7f8d4c27f000-7f8d4c8b8000 rwxp 00000000 00:00 0 
7f8d4c8b8000-7f8d4ca54000 r-xs 030c2000 07:00 1715902                    /usr/lib/jvm/j2sdk1.6-oracle/jre/lib/rt.jar
7f8d4ca54000-7f8d4ca7c000 rwxp 00000000 00:00 0 
7f8d4ca7c000-7f8d4ca7d000 ---p 00000000 00:00 0 
7f8d4ca7d000-7f8d4cb7d000 rwxp 00000000 00:00 0 
7f8d4cb7d000-7f8d4cb7e000 ---p 00000000 00:00 0 
7f8d4cb7e000-7f8d4cc7e000 rwxp 00000000 00:00 0 
7f8d4cc7e000-7f8d4cc7f000 ---p 00000000 00:00 0 
7f8d4cc7f000-7f8d4cd7f000 rwxp 00000000 00:00 0 
7f8d4cd7f000-7f8d4cd80000 ---p 00000000 00:00 0 
7f8d4cd80000-7f8d4ce8b000 rwxp 00000000 00:00 0 
7f8d4ce8b000-7f8d4cea9000 rwxp 00000000 00:00 0 
7f8d4cea9000-7f8d4ced3000 rwxp 00000000 00:00 0 
7f8d4ced3000-7f8d4d13b000 rwxp 00000000 00:00 0 
7f8d4d13b000-7f8d4d146000 rwxp 00000000 00:00 0 
7f8d4d146000-7f8d4d164000 rwxp 00000000 00:00 0 
7f8d4d164000-7f8d4d18e000 rwxp 00000000 00:00 0 
7f8d4d18e000-7f8d4d3f6000 rwxp 00000000 00:00 0 
7f8d4d3f6000-7f8d4d40b000 rwxp 00000000 00:00 0 
7f8d4d40b000-7f8d4d53f000 rwxp 00000000 00:00 0 
7f8d4d53f000-7f8d4d540000 rwxp 00000000 00:00 0 
7f8d4d540000-7f8d4d54e000 r-xp 00000000 07:00 140956                     /usr/lib/jvm/j2sdk1.6-oracle/jre/lib/amd64/libzip.so
7f8d4d54e000-7f8d4d650000 ---p 0000e000 07:00 140956                     /usr/lib/jvm/j2sdk1.6-oracle/jre/lib/amd64/libzip.so
7f8d4d650000-7f8d4d653000 rwxp 00010000 07:00 140956                     /usr/lib/jvm/j2sdk1.6-oracle/jre/lib/amd64/libzip.so
7f8d4d653000-7f8d4d654000 rwxp 00000000 00:00 0 
7f8d4d654000-7f8d4d660000 r-xp 00000000 07:00 527241                     /lib/x86_64-linux-gnu/libnss_files-2.15.so
7f8d4d660000-7f8d4d85f000 ---p 0000c000 07:00 527241                     /lib/x86_64-linux-gnu/libnss_files-2.15.so
7f8d4d85f000-7f8d4d860000 r-xp 0000b000 07:00 527241                     /lib/x86_64-linux-gnu/libnss_files-2.15.so
7f8d4d860000-7f8d4d861000 rwxp 0000c000 07:00 527241                     /lib/x86_64-linux-gnu/libnss_files-2.15.so
7f8d4d861000-7f8d4d86b000 r-xp 00000000 07:00 527245                     /lib/x86_64-linux-gnu/libnss_nis-2.15.so
7f8d4d86b000-7f8d4da6b000 ---p 0000a000 07:00 527245                     /lib/x86_64-linux-gnu/libnss_nis-2.15.so
7f8d4da6b000-7f8d4da6c000 r-xp 0000a000 07:00 527245                     /lib/x86_64-linux-gnu/libnss_nis-2.15.so
7f8d4da6c000-7f8d4da6d000 rwxp 0000b000 07:00 527245                     /lib/x86_64-linux-gnu/libnss_nis-2.15.so
7f8d4da6d000-7f8d4da75000 r-xp 00000000 07:00 527237                     /lib/x86_64-linux-gnu/libnss_compat-2.15.so
7f8d4da75000-7f8d4dc74000 ---p 00008000 07:00 527237                     /lib/x86_64-linux-gnu/libnss_compat-2.15.so
7f8d4dc74000-7f8d4dc75000 r-xp 00007000 07:00 527237                     /lib/x86_64-linux-gnu/libnss_compat-2.15.so
7f8d4dc75000-7f8d4dc76000 rwxp 00008000 07:00 527237                     /lib/x86_64-linux-gnu/libnss_compat-2.15.so
7f8d4dc76000-7f8d4e359000 r-xp 00000000 07:00 1576759                    /usr/lib/locale/locale-archive
7f8d4e359000-7f8d4e35c000 r-xp 00000000 07:00 140965                     /usr/lib/jvm/j2sdk1.6-oracle/jre/lib/amd64/libnpt.so
7f8d4e35c000-7f8d4e45b000 ---p 00003000 07:00 140965                     /usr/lib/jvm/j2sdk1.6-oracle/jre/lib/amd64/libnpt.so
7f8d4e45b000-7f8d4e45c000 rwxp 00002000 07:00 140965                     /usr/lib/jvm/j2sdk1.6-oracle/jre/lib/amd64/libnpt.so
7f8d4e45c000-7f8d4e492000 r-xp 00000000 07:00 140939                     /usr/lib/jvm/j2sdk1.6-oracle/jre/lib/amd64/libjdwp.so
7f8d4e492000-7f8d4e591000 ---p 00036000 07:00 140939                     /usr/lib/jvm/j2sdk1.6-oracle/jre/lib/amd64/libjdwp.so
7f8d4e591000-7f8d4e59b000 rwxp 00035000 07:00 140939                     /usr/lib/jvm/j2sdk1.6-oracle/jre/lib/amd64/libjdwp.so
7f8d4e59b000-7f8d4e5b2000 r-xp 00000000 07:00 527235                     /lib/x86_64-linux-gnu/libnsl-2.15.so
7f8d4e5b2000-7f8d4e7b1000 ---p 00017000 07:00 527235                     /lib/x86_64-linux-gnu/libnsl-2.15.so
7f8d4e7b1000-7f8d4e7b2000 r-xp 00016000 07:00 527235                     /lib/x86_64-linux-gnu/libnsl-2.15.so
7f8d4e7b2000-7f8d4e7b3000 rwxp 00017000 07:00 527235                     /lib/x86_64-linux-gnu/libnsl-2.15.so
7f8d4e7b3000-7f8d4e7b5000 rwxp 00000000 00:00 0 
7f8d4e7b5000-7f8d4e7de000 r-xp 00000000 07:00 140943                     /usr/lib/jvm/j2sdk1.6-oracle/jre/lib/amd64/libjava.so
7f8d4e7de000-7f8d4e8dd000 ---p 00029000 07:00 140943                     /usr/lib/jvm/j2sdk1.6-oracle/jre/lib/amd64/libjava.so
7f8d4e8dd000-7f8d4e8e4000 rwxp 00028000 07:00 140943                     /usr/lib/jvm/j2sdk1.6-oracle/jre/lib/amd64/libjava.so
7f8d4e8e4000-7f8d4e8f1000 r-xp 00000000 07:00 140961                     /usr/lib/jvm/j2sdk1.6-oracle/jre/lib/amd64/libverify.so
7f8d4e8f1000-7f8d4e9f0000 ---p 0000d000 07:00 140961                     /usr/lib/jvm/j2sdk1.6-oracle/jre/lib/amd64/libverify.so
7f8d4e9f0000-7f8d4e9f3000 rwxp 0000c000 07:00 140961                     /usr/lib/jvm/j2sdk1.6-oracle/jre/lib/amd64/libverify.so
7f8d4e9f3000-7f8d4e9fa000 r-xp 00000000 07:00 527276                     /lib/x86_64-linux-gnu/librt-2.15.so
7f8d4e9fa000-7f8d4ebf9000 ---p 00007000 07:00 527276                     /lib/x86_64-linux-gnu/librt-2.15.so
7f8d4ebf9000-7f8d4ebfa000 r-xp 00006000 07:00 527276                     /lib/x86_64-linux-gnu/librt-2.15.so
7f8d4ebfa000-7f8d4ebfb000 rwxp 00007000 07:00 527276                     /lib/x86_64-linux-gnu/librt-2.15.so
7f8d4ebfb000-7f8d4ebfe000 ---p 00000000 00:00 0 
7f8d4ebfe000-7f8d4ecfc000 rwxp 00000000 00:00 0 
7f8d4ecfc000-7f8d4edf5000 r-xp 00000000 07:00 527222                     /lib/x86_64-linux-gnu/libm-2.15.so
7f8d4edf5000-7f8d4eff4000 ---p 000f9000 07:00 527222                     /lib/x86_64-linux-gnu/libm-2.15.so
7f8d4eff4000-7f8d4eff5000 r-xp 000f8000 07:00 527222                     /lib/x86_64-linux-gnu/libm-2.15.so
7f8d4eff5000-7f8d4eff6000 rwxp 000f9000 07:00 527222                     /lib/x86_64-linux-gnu/libm-2.15.so
7f8d4eff6000-7f8d4f910000 r-xp 00000000 07:00 140937                     /usr/lib/jvm/j2sdk1.6-oracle/jre/lib/amd64/server/libjvm.so
7f8d4f910000-7f8d4fa12000 ---p 0091a000 07:00 140937                     /usr/lib/jvm/j2sdk1.6-oracle/jre/lib/amd64/server/libjvm.so
7f8d4fa12000-7f8d4fbc7000 rwxp 0091c000 07:00 140937                     /usr/lib/jvm/j2sdk1.6-oracle/jre/lib/amd64/server/libjvm.so
7f8d4fbc7000-7f8d4fc01000 rwxp 00000000 00:00 0 
7f8d4fc01000-7f8d4fdb4000 r-xp 00000000 07:00 527190                     /lib/x86_64-linux-gnu/libc-2.15.so
7f8d4fdb4000-7f8d4ffb3000 ---p 001b3000 07:00 527190                     /lib/x86_64-linux-gnu/libc-2.15.so
7f8d4ffb3000-7f8d4ffb7000 r-xp 001b2000 07:00 527190                     /lib/x86_64-linux-gnu/libc-2.15.so
7f8d4ffb7000-7f8d4ffb9000 rwxp 001b6000 07:00 527190                     /lib/x86_64-linux-gnu/libc-2.15.so
7f8d4ffb9000-7f8d4ffbe000 rwxp 00000000 00:00 0 
7f8d4ffbe000-7f8d4ffc0000 r-xp 00000000 07:00 527203                     /lib/x86_64-linux-gnu/libdl-2.15.so
7f8d4ffc0000-7f8d501c0000 ---p 00002000 07:00 527203                     /lib/x86_64-linux-gnu/libdl-2.15.so
7f8d501c0000-7f8d501c1000 r-xp 00002000 07:00 527203                     /lib/x86_64-linux-gnu/libdl-2.15.so
7f8d501c1000-7f8d501c2000 rwxp 00003000 07:00 527203                     /lib/x86_64-linux-gnu/libdl-2.15.so
7f8d501c2000-7f8d501da000 r-xp 00000000 07:00 527270                     /lib/x86_64-linux-gnu/libpthread-2.15.so
7f8d501da000-7f8d503d9000 ---p 00018000 07:00 527270                     /lib/x86_64-linux-gnu/libpthread-2.15.so
7f8d503d9000-7f8d503da000 r-xp 00017000 07:00 527270                     /lib/x86_64-linux-gnu/libpthread-2.15.so
7f8d503da000-7f8d503db000 rwxp 00018000 07:00 527270                     /lib/x86_64-linux-gnu/libpthread-2.15.so
7f8d503db000-7f8d503df000 rwxp 00000000 00:00 0 
7f8d503df000-7f8d50401000 r-xp 00000000 07:00 527170                     /lib/x86_64-linux-gnu/ld-2.15.so
7f8d50402000-7f8d50405000 r-xs 00013000 07:00 1715906                    /usr/lib/jvm/j2sdk1.6-oracle/jre/lib/jce.jar
7f8d50405000-7f8d5040a000 r-xs 00016000 07:00 1443308                    /home/akawa/.m2/repository/xml-apis/xml-apis/1.0.b2/xml-apis-1.0.b2.jar
7f8d5040a000-7f8d5040f000 r-xs 00048000 07:00 1443270                    /home/akawa/.m2/repository/dom4j/dom4j/1.6.1/dom4j-1.6.1.jar
7f8d5040f000-7f8d50412000 r-xs 00023000 07:00 1443214                    /home/akawa/.m2/repository/org/jdom/jdom/1.1/jdom-1.1.jar
7f8d50412000-7f8d50414000 r-xs 00005000 07:00 1443329                    /home/akawa/.m2/repository/org/slf4j/slf4j-api/1.6.4/slf4j-api-1.6.4.jar
7f8d50414000-7f8d50418000 r-xs 00038000 07:00 1443295                    /home/akawa/.m2/repository/commons-lang/commons-lang/2.3/commons-lang-2.3.jar
7f8d50418000-7f8d50421000 r-xs 00056000 07:00 1443186                    /home/akawa/.m2/repository/pl/edu/icm/synat/synat-application-commons/1.5-SNAPSHOT/synat-application-commons-1.5-SNAPSHOT.jar
7f8d50421000-7f8d5042b000 rwxp 00000000 00:00 0 
7f8d5042b000-7f8d504e1000 rwxp 00000000 00:00 0 
7f8d504e1000-7f8d504e4000 rwxp 00000000 00:00 0 
7f8d504e4000-7f8d504eb000 r-xp 00000000 07:00 140972                     /usr/lib/jvm/j2sdk1.6-oracle/jre/lib/amd64/jli/libjli.so
7f8d504eb000-7f8d505ec000 ---p 00007000 07:00 140972                     /usr/lib/jvm/j2sdk1.6-oracle/jre/lib/amd64/jli/libjli.so
7f8d505ec000-7f8d505ee000 rwxp 00008000 07:00 140972                     /usr/lib/jvm/j2sdk1.6-oracle/jre/lib/amd64/jli/libjli.so
7f8d505ee000-7f8d505ef000 rwxp 00000000 00:00 0 
7f8d505ef000-7f8d505f5000 r-xs 00068000 07:00 1443326                    /home/akawa/.m2/repository/com/google/protobuf/protobuf-java/2.4.1/protobuf-java-2.4.1.jar
7f8d505f5000-7f8d505fd000 rwxs 00000000 07:00 1051949                    /tmp/hsperfdata_akawa/20577
7f8d505fd000-7f8d505fe000 rwxp 00000000 00:00 0 
7f8d505fe000-7f8d505ff000 r-xp 00000000 00:00 0 
7f8d505ff000-7f8d50601000 rwxp 00000000 00:00 0 
7f8d50601000-7f8d50602000 r-xp 00022000 07:00 527170                     /lib/x86_64-linux-gnu/ld-2.15.so
7f8d50602000-7f8d50604000 rwxp 00023000 07:00 527170                     /lib/x86_64-linux-gnu/ld-2.15.so
7fff3e13f000-7fff3e162000 rwxp 00000000 00:00 0                          [stack]
7fff3e19b000-7fff3e19c000 r-xp 00000000 00:00 0                          [vdso]
ffffffffff600000-ffffffffff601000 r-xp 00000000 00:00 0                  [vsyscall]

VM Arguments:
jvm_args: -Xdebug -Xrunjdwp:transport=dt_socket,address=ubuntu.ubuntu-domain:41280 -Dfile.encoding=UTF-8 
java_command: pl.edu.icm.coansys.commons.hbase.Scanner
Launcher Type: SUN_STANDARD

Environment Variables:
PATH=/usr/lib/lightdm/lightdm:/usr/local/sbin:/usr/local/bin:/usr/sbin:/usr/bin:/sbin:/bin:/usr/games
LD_LIBRARY_PATH=/usr/lib/jvm/j2sdk1.6-oracle/jre/lib/amd64/server:/usr/lib/jvm/j2sdk1.6-oracle/jre/lib/amd64:/usr/lib/jvm/j2sdk1.6-oracle/jre/../lib/amd64
SHELL=/bin/bash
DISPLAY=:0

Signal Handlers:
SIGSEGV: [libjvm.so+0x85f7d0], sa_mask[0]=0x7ffbfeff, sa_flags=0x10000004
SIGBUS: [libjvm.so+0x85f7d0], sa_mask[0]=0x7ffbfeff, sa_flags=0x10000004
SIGFPE: [libjvm.so+0x70e3e0], sa_mask[0]=0x7ffbfeff, sa_flags=0x10000004
SIGPIPE: [libjvm.so+0x70e3e0], sa_mask[0]=0x7ffbfeff, sa_flags=0x10000004
SIGXFSZ: [libjvm.so+0x70e3e0], sa_mask[0]=0x7ffbfeff, sa_flags=0x10000004
SIGILL: [libjvm.so+0x70e3e0], sa_mask[0]=0x7ffbfeff, sa_flags=0x10000004
SIGUSR1: SIG_DFL, sa_mask[0]=0x00000000, sa_flags=0x00000000
SIGUSR2: [libjvm.so+0x711210], sa_mask[0]=0x00000004, sa_flags=0x10000004
SIGHUP: [libjvm.so+0x710e10], sa_mask[0]=0x7ffbfeff, sa_flags=0x10000004
SIGINT: SIG_IGN, sa_mask[0]=0x00000000, sa_flags=0x00000000
SIGTERM: [libjvm.so+0x710e10], sa_mask[0]=0x7ffbfeff, sa_flags=0x10000004
SIGQUIT: [libjvm.so+0x710e10], sa_mask[0]=0x7ffbfeff, sa_flags=0x10000004


---------------  S Y S T E M  ---------------

OS:wheezy/sid

uname:Linux 3.2.0-23-generic #36-Ubuntu SMP Tue Apr 10 20:39:51 UTC 2012 x86_64
libc:glibc 2.15 NPTL 2.15 
rlimit: STACK 8192k, CORE 0k, NPROC 62990, NOFILE 4096, AS infinity
load average:1.95 1.59 1.50

/proc/meminfo:
MemTotal:        8080288 kB
MemFree:          142644 kB
Buffers:         1462892 kB
Cached:          2635880 kB
SwapCached:            4 kB
Active:          4403716 kB
Inactive:        3205948 kB
Active(anon):    3252528 kB
Inactive(anon):   562276 kB
Active(file):    1151188 kB
Inactive(file):  2643672 kB
Unevictable:          36 kB
Mlocked:              36 kB
SwapTotal:        262140 kB
SwapFree:         262132 kB
Dirty:               264 kB
Writeback:             4 kB
AnonPages:       3510936 kB
Mapped:           226400 kB
Shmem:            303912 kB
Slab:             165056 kB
SReclaimable:     112444 kB
SUnreclaim:        52612 kB
KernelStack:        7656 kB
PageTables:        44576 kB
NFS_Unstable:          0 kB
Bounce:                0 kB
WritebackTmp:          0 kB
CommitLimit:     4302284 kB
Committed_AS:    7151732 kB
VmallocTotal:   34359738367 kB
VmallocUsed:      410888 kB
VmallocChunk:   34359321156 kB
HardwareCorrupted:     0 kB
AnonHugePages:         0 kB
HugePages_Total:       0
HugePages_Free:        0
HugePages_Rsvd:        0
HugePages_Surp:        0
Hugepagesize:       2048 kB
DirectMap4k:       69620 kB
DirectMap2M:     8228864 kB


CPU:total 4 (2 cores per cpu, 2 threads per core) family 6 model 42 stepping 7, cmov, cx8, fxsr, mmx, sse, sse2, sse3, ssse3, sse4.1, sse4.2, popcnt, ht

/proc/cpuinfo:
processor	: 0
vendor_id	: GenuineIntel
cpu family	: 6
model		: 42
model name	: Intel(R) Core(TM) i5-2430M CPU @ 2.40GHz
stepping	: 7
microcode	: 0x18
cpu MHz		: 1400.000
cache size	: 3072 KB
physical id	: 0
siblings	: 4
core id		: 0
cpu cores	: 2
apicid		: 0
initial apicid	: 0
fpu		: yes
fpu_exception	: yes
cpuid level	: 13
wp		: yes
flags		: fpu vme de pse tsc msr pae mce cx8 apic sep mtrr pge mca cmov pat pse36 clflush dts acpi mmx fxsr sse sse2 ss ht tm pbe syscall nx rdtscp lm constant_tsc arch_perfmon pebs bts rep_good nopl xtopology nonstop_tsc aperfmperf pni pclmulqdq dtes64 monitor ds_cpl vmx est tm2 ssse3 cx16 xtpr pdcm pcid sse4_1 sse4_2 x2apic popcnt tsc_deadline_timer xsave avx lahf_lm ida arat epb xsaveopt pln pts dts tpr_shadow vnmi flexpriority ept vpid
bogomips	: 4789.34
clflush size	: 64
cache_alignment	: 64
address sizes	: 36 bits physical, 48 bits virtual
power management:

processor	: 1
vendor_id	: GenuineIntel
cpu family	: 6
model		: 42
model name	: Intel(R) Core(TM) i5-2430M CPU @ 2.40GHz
stepping	: 7
microcode	: 0x18
cpu MHz		: 2401.000
cache size	: 3072 KB
physical id	: 0
siblings	: 4
core id		: 1
cpu cores	: 2
apicid		: 2
initial apicid	: 2
fpu		: yes
fpu_exception	: yes
cpuid level	: 13
wp		: yes
flags		: fpu vme de pse tsc msr pae mce cx8 apic sep mtrr pge mca cmov pat pse36 clflush dts acpi mmx fxsr sse sse2 ss ht tm pbe syscall nx rdtscp lm constant_tsc arch_perfmon pebs bts rep_good nopl xtopology nonstop_tsc aperfmperf pni pclmulqdq dtes64 monitor ds_cpl vmx est tm2 ssse3 cx16 xtpr pdcm pcid sse4_1 sse4_2 x2apic popcnt tsc_deadline_timer xsave avx lahf_lm ida arat epb xsaveopt pln pts dts tpr_shadow vnmi flexpriority ept vpid
bogomips	: 4789.09
clflush size	: 64
cache_alignment	: 64
address sizes	: 36 bits physical, 48 bits virtual
power management:

processor	: 2
vendor_id	: GenuineIntel
cpu family	: 6
model		: 42
model name	: Intel(R) Core(TM) i5-2430M CPU @ 2.40GHz
stepping	: 7
microcode	: 0x18
cpu MHz		: 2200.000
cache size	: 3072 KB
physical id	: 0
siblings	: 4
core id		: 0
cpu cores	: 2
apicid		: 1
initial apicid	: 1
fpu		: yes
fpu_exception	: yes
cpuid level	: 13
wp		: yes
flags		: fpu vme de pse tsc msr pae mce cx8 apic sep mtrr pge mca cmov pat pse36 clflush dts acpi mmx fxsr sse sse2 ss ht tm pbe syscall nx rdtscp lm constant_tsc arch_perfmon pebs bts rep_good nopl xtopology nonstop_tsc aperfmperf pni pclmulqdq dtes64 monitor ds_cpl vmx est tm2 ssse3 cx16 xtpr pdcm pcid sse4_1 sse4_2 x2apic popcnt tsc_deadline_timer xsave avx lahf_lm ida arat epb xsaveopt pln pts dts tpr_shadow vnmi flexpriority ept vpid
bogomips	: 4789.09
clflush size	: 64
cache_alignment	: 64
address sizes	: 36 bits physical, 48 bits virtual
power management:

processor	: 3
vendor_id	: GenuineIntel
cpu family	: 6
model		: 42
model name	: Intel(R) Core(TM) i5-2430M CPU @ 2.40GHz
stepping	: 7
microcode	: 0x18
cpu MHz		: 800.000
cache size	: 3072 KB
physical id	: 0
siblings	: 4
core id		: 1
cpu cores	: 2
apicid		: 3
initial apicid	: 3
fpu		: yes
fpu_exception	: yes
cpuid level	: 13
wp		: yes
flags		: fpu vme de pse tsc msr pae mce cx8 apic sep mtrr pge mca cmov pat pse36 clflush dts acpi mmx fxsr sse sse2 ss ht tm pbe syscall nx rdtscp lm constant_tsc arch_perfmon pebs bts rep_good nopl xtopology nonstop_tsc aperfmperf pni pclmulqdq dtes64 monitor ds_cpl vmx est tm2 ssse3 cx16 xtpr pdcm pcid sse4_1 sse4_2 x2apic popcnt tsc_deadline_timer xsave avx lahf_lm ida arat epb xsaveopt pln pts dts tpr_shadow vnmi flexpriority ept vpid
bogomips	: 4789.10
clflush size	: 64
cache_alignment	: 64
address sizes	: 36 bits physical, 48 bits virtual
power management:



Memory: 4k page, physical 8080288k(142644k free), swap 262140k(262132k free)

vm_info: Java HotSpot(TM) 64-Bit Server VM (20.6-b01) for linux-amd64 JRE (1.6.0_31-b04), built on Jan 20 2012 10:18:50 by "java_re" with gcc 3.2.2 (SuSE Linux)

time: Sun Aug 12 22:50:49 2012
elapsed time: 108 seconds

